{"C:\\Projects\\wlc\\wlc-gql-svc\\dist\\Challenge\\resolvers.js": {"path":"C:\\Projects\\wlc\\wlc-gql-svc\\dist\\Challenge\\resolvers.js","statementMap":{"0":{"start":{"line":2,"column":0},"end":{"line":2,"column":62}},"1":{"start":{"line":5,"column":21},"end":{"line":9,"column":9}},"2":{"start":{"line":10,"column":26},"end":{"line":16,"column":9}},"3":{"start":{"line":17,"column":8},"end":{"line":17,"column":25}},"4":{"start":{"line":20,"column":0},"end":{"line":20,"column":37}}},"fnMap":{"0":{"name":"(anonymous_0)","decl":{"start":{"line":4,"column":4},"end":{"line":4,"column":5}},"loc":{"start":{"line":4,"column":37},"end":{"line":18,"column":5}},"line":4}},"branchMap":{},"s":{"0":1,"1":1,"2":1,"3":1,"4":1},"f":{"0":1},"b":{},"_coverageSchema":"43e27e138ebf9cfc5966b082cf9a028302ed4184","hash":"5a4575abccee4b49497a2cc7702218255344b500"}
,"C:\\Projects\\wlc\\wlc-gql-svc\\src\\Challenge\\resolvers.ts": {"path":"C:\\Projects\\wlc\\wlc-gql-svc\\src\\Challenge\\resolvers.ts","statementMap":{"0":{"start":{"line":5,"column":17},"end":{"line":9,"column":6}},"1":{"start":{"line":11,"column":22},"end":{"line":17,"column":6}},"2":{"start":{"line":18,"column":4},"end":{"line":18,"column":21}},"3":{"start":{"line":3,"column":0},"end":{"line":3,"column":21}}},"fnMap":{"0":{"name":"(anonymous_0)","decl":{"start":{"line":4,"column":2},"end":{"line":4,"column":8}},"loc":{"start":{"line":4,"column":32},"end":{"line":19,"column":3}}}},"branchMap":{},"s":{"0":1,"1":1,"2":1,"3":1},"f":{"0":1},"b":{}}
}
